Using pre-set license
Built from '2020.3/china_unity/release' branch; Version is '2020.3.12f1c1 (5887f62ce680) revision 5801974'; Using compiler version '192528614'; Build Type 'Release'
OS: 'Windows 10 Pro for Workstations; OS build 19044.1645; Version 2009; 64bit' Language: 'zh' Physical Memory: 16197 MB
BatchMode: 1, IsHumanControllingUs: 0, StartBugReporterOnCrash: 0, Is64bit: 1, IsPro: 0

 COMMAND LINE ARGUMENTS:
D:\Unity Hub\Editor\2020.3.12f1c1\Editor\Unity.exe
-adb2
-batchMode
-noUpm
-name
AssetImportWorker0
-projectPath
E:/项目/Unity/SRP_Basics
-logFile
Logs/AssetImportWorker0.log
-srvPort
56587
Successfully changed project path to: E:/项目/Unity/SRP_Basics
E:/项目/Unity/SRP_Basics
Using Asset Import Pipeline V2.
Refreshing native plugins compatible for Editor in 27.50 ms, found 2 plugins.
Preloading 0 native plugins for Editor in 0.00 ms.
Initialize engine version: 2020.3.12f1c1 (5887f62ce680)
[Subsystems] Discovering subsystems at path D:/Unity Hub/Editor/2020.3.12f1c1/Editor/Data/Resources/UnitySubsystems
[Subsystems] Discovering subsystems at path E:/项目/Unity/SRP_Basics/Assets
GfxDevice: creating device client; threaded=0
Direct3D:
    Version:  Direct3D 11.0 [level 11.0]
    Renderer: NVIDIA GeForce GTX 760 (ID=0x1187)
    Vendor:   
    VRAM:     2007 MB
    Driver:   30.0.14.7298
Initialize mono
Mono path[0] = 'D:/Unity Hub/Editor/2020.3.12f1c1/Editor/Data/Managed'
Mono path[1] = 'D:/Unity Hub/Editor/2020.3.12f1c1/Editor/Data/MonoBleedingEdge/lib/mono/unityjit'
Mono config path = 'D:/Unity Hub/Editor/2020.3.12f1c1/Editor/Data/MonoBleedingEdge/etc'
Using monoOptions --debugger-agent=transport=dt_socket,embedding=1,server=y,suspend=n,address=127.0.0.1:56872
Begin MonoManager ReloadAssembly
Registering precompiled unity dll's ...
Register platform support module: D:/Unity Hub/Editor/2020.3.12f1c1/Editor/Data/PlaybackEngines/WindowsStandaloneSupport/UnityEditor.WindowsStandalone.Extensions.dll
Registered in 0.000975 seconds.
Native extension for WindowsStandalone target not found
Refreshing native plugins compatible for Editor in 26.42 ms, found 2 plugins.
Preloading 0 native plugins for Editor in 0.00 ms.
Mono: successfully reloaded assembly
- Completed reload, in  1.182 seconds
Platform modules already initialized, skipping
Registering precompiled user dll's ...
Registered in 0.002228 seconds.
Begin MonoManager ReloadAssembly
Native extension for WindowsStandalone target not found
Refreshing native plugins compatible for Editor in 27.00 ms, found 2 plugins.
Preloading 0 native plugins for Editor in 0.00 ms.
Mono: successfully reloaded assembly
- Completed reload, in  0.874 seconds
Platform modules already initialized, skipping
========================================================================
Worker process is ready to serve import requests
Launched and connected shader compiler UnityShaderCompiler.exe after 0.04 seconds
Refreshing native plugins compatible for Editor in 0.24 ms, found 2 plugins.
Preloading 0 native plugins for Editor in 0.00 ms.
Unloading 1463 Unused Serialized files (Serialized files now loaded: 0)
System memory in use before: 66.7 MB.
System memory in use after: 66.8 MB.

Unloading 19 unused Assets to reduce memory usage. Loaded Objects now: 1895.
Total: 1.273200 ms (FindLiveObjects: 0.092700 ms CreateObjectMapping: 0.022900 ms MarkObjects: 1.110000 ms  DeleteObjects: 0.043000 ms)

AssetImportParameters requested are different than current active one (requested -> active):
  custom:framework-win-MediaFoundation: 216162199b28c13a410421893ffa2e32 -> 
  custom:video-decoder-ogg-theora: a1e56fd34408186e4bbccfd4996cb3dc -> 
  custom:container-muxer-webm: aa71ff27fc2769a1b78a27578f13a17b -> 
  custom:container-demuxer-webm: 4f35f7cbe854078d1ac9338744f61a02 -> 
  custom:container-demuxer-ogg: 62fdf1f143b41e24485cea50d1cbac27 -> 
  custom:video-encoder-webm-vp8: eb34c28f22e8b96e1ab97ce403110664 -> 
  custom:video-decoder-webm-vp8: 9c59270c3fd7afecdb556c50c9e8de78 -> 
  custom:audio-decoder-ogg-vorbis: bf7c407c2cedff20999df2af8eb42d56 -> 
  custom:audio-encoder-webm-vorbis: bf7c407c2cedff20999df2af8eb42d56 -> 
========================================================================
Received Import Request.
  path: Assets/Scenes/SRP.unity
  artifactKey: Guid(9fc0d4010bbf28b4594072e72b8655ab) Importer(815301076,1909f56bfc062723c751e8b465ee728b)
Start importing Assets/Scenes/SRP.unity using Guid(9fc0d4010bbf28b4594072e72b8655ab) Importer(815301076,1909f56bfc062723c751e8b465ee728b)  -> (artifact id: 'eb46bfddace787d786989285e2625705') in 0.010897 seconds 
  Import took 0.013162 seconds .

========================================================================
Received Import Request.
  Time since last request: 31.800920 seconds.
  path: Assets/SRP_Basics/Runtime/Shadows.cs
  artifactKey: Guid(040acc2245ae8d041b6a64e5c33f6972) Importer(815301076,1909f56bfc062723c751e8b465ee728b)
Start importing Assets/SRP_Basics/Runtime/Shadows.cs using Guid(040acc2245ae8d041b6a64e5c33f6972) Importer(815301076,1909f56bfc062723c751e8b465ee728b)  -> (artifact id: '5bcae2d381b7816c3e15115494058a20') in 0.026377 seconds 
  Import took 0.028979 seconds .

========================================================================
Received Import Request.
  Time since last request: 0.013878 seconds.
  path: Assets/SRP_Basics/Runtime/Shadows.cs
  artifactKey: Guid(040acc2245ae8d041b6a64e5c33f6972) Importer(815301076,1909f56bfc062723c751e8b465ee728b)
Start importing Assets/SRP_Basics/Runtime/Shadows.cs using Guid(040acc2245ae8d041b6a64e5c33f6972) Importer(815301076,1909f56bfc062723c751e8b465ee728b)  -> (artifact id: '5bcae2d381b7816c3e15115494058a20') in 0.002362 seconds 
  Import took 0.004613 seconds .

========================================================================
Received Prepare
Registering precompiled user dll's ...
Registered in 0.002297 seconds.
Begin MonoManager ReloadAssembly
Native extension for WindowsStandalone target not found
Refreshing native plugins compatible for Editor in 0.39 ms, found 2 plugins.
Preloading 0 native plugins for Editor in 0.00 ms.
Mono: successfully reloaded assembly
- Completed reload, in  0.816 seconds
Platform modules already initialized, skipping
Refreshing native plugins compatible for Editor in 0.26 ms, found 2 plugins.
Preloading 0 native plugins for Editor in 0.00 ms.
Unloading 1452 Unused Serialized files (Serialized files now loaded: 0)
System memory in use before: 66.2 MB.
System memory in use after: 66.3 MB.

Unloading 14 unused Assets to reduce memory usage. Loaded Objects now: 1897.
Total: 1.929500 ms (FindLiveObjects: 0.202800 ms CreateObjectMapping: 0.036600 ms MarkObjects: 1.668600 ms  DeleteObjects: 0.020200 ms)

AssetImportParameters requested are different than current active one (requested -> active):
  custom:framework-win-MediaFoundation: 216162199b28c13a410421893ffa2e32 -> 
  custom:video-decoder-ogg-theora: a1e56fd34408186e4bbccfd4996cb3dc -> 
  custom:container-muxer-webm: aa71ff27fc2769a1b78a27578f13a17b -> 
  custom:container-demuxer-webm: 4f35f7cbe854078d1ac9338744f61a02 -> 
  custom:container-demuxer-ogg: 62fdf1f143b41e24485cea50d1cbac27 -> 
  custom:video-encoder-webm-vp8: eb34c28f22e8b96e1ab97ce403110664 -> 
  custom:video-decoder-webm-vp8: 9c59270c3fd7afecdb556c50c9e8de78 -> 
  custom:audio-decoder-ogg-vorbis: bf7c407c2cedff20999df2af8eb42d56 -> 
  custom:audio-encoder-webm-vorbis: bf7c407c2cedff20999df2af8eb42d56 -> 
========================================================================
Received Import Request.
  Time since last request: 2151.314893 seconds.
  path: Assets/SRP_Basics/Runtime/Shadows.cs
  artifactKey: Guid(040acc2245ae8d041b6a64e5c33f6972) Importer(815301076,1909f56bfc062723c751e8b465ee728b)
Start importing Assets/SRP_Basics/Runtime/Shadows.cs using Guid(040acc2245ae8d041b6a64e5c33f6972) Importer(815301076,1909f56bfc062723c751e8b465ee728b)  -> (artifact id: '3ffededa812d8b63b5f3ad248d2ee098') in 0.003487 seconds 
  Import took 0.005275 seconds .

========================================================================
Received Prepare
Registering precompiled user dll's ...
Registered in 0.002524 seconds.
Begin MonoManager ReloadAssembly
Native extension for WindowsStandalone target not found
Refreshing native plugins compatible for Editor in 0.33 ms, found 2 plugins.
Preloading 0 native plugins for Editor in 0.00 ms.
Mono: successfully reloaded assembly
- Completed reload, in  0.798 seconds
Platform modules already initialized, skipping
Refreshing native plugins compatible for Editor in 0.29 ms, found 2 plugins.
Preloading 0 native plugins for Editor in 0.00 ms.
Unloading 1452 Unused Serialized files (Serialized files now loaded: 0)
System memory in use before: 66.2 MB.
System memory in use after: 66.3 MB.

Unloading 14 unused Assets to reduce memory usage. Loaded Objects now: 1899.
Total: 1.611400 ms (FindLiveObjects: 0.188000 ms CreateObjectMapping: 0.035500 ms MarkObjects: 1.367600 ms  DeleteObjects: 0.019100 ms)

AssetImportParameters requested are different than current active one (requested -> active):
  custom:framework-win-MediaFoundation: 216162199b28c13a410421893ffa2e32 -> 
  custom:video-decoder-ogg-theora: a1e56fd34408186e4bbccfd4996cb3dc -> 
  custom:container-muxer-webm: aa71ff27fc2769a1b78a27578f13a17b -> 
  custom:container-demuxer-webm: 4f35f7cbe854078d1ac9338744f61a02 -> 
  custom:container-demuxer-ogg: 62fdf1f143b41e24485cea50d1cbac27 -> 
  custom:video-encoder-webm-vp8: eb34c28f22e8b96e1ab97ce403110664 -> 
  custom:video-decoder-webm-vp8: 9c59270c3fd7afecdb556c50c9e8de78 -> 
  custom:audio-decoder-ogg-vorbis: bf7c407c2cedff20999df2af8eb42d56 -> 
  custom:audio-encoder-webm-vorbis: bf7c407c2cedff20999df2af8eb42d56 -> 
========================================================================
Received Import Request.
  Time since last request: 1032.861563 seconds.
  path: Assets/SRP_Basics/Shaders/LitPass.hlsl
  artifactKey: Guid(9580adb80d3e5174e942e9d71c7f3401) Importer(815301076,1909f56bfc062723c751e8b465ee728b)
Start importing Assets/SRP_Basics/Shaders/LitPass.hlsl using Guid(9580adb80d3e5174e942e9d71c7f3401) Importer(815301076,1909f56bfc062723c751e8b465ee728b)  -> (artifact id: 'f210b8a8ae7b45b5e9976a35193d7007') in 0.023081 seconds 
  Import took 0.025791 seconds .

========================================================================
Received Import Request.
  Time since last request: 0.444634 seconds.
  path: Assets/SRP_Basics/Shaders/UnlitPass.hlsl
  artifactKey: Guid(4631f65d3c0b1654d81e86dc4238c859) Importer(815301076,1909f56bfc062723c751e8b465ee728b)
Start importing Assets/SRP_Basics/Shaders/UnlitPass.hlsl using Guid(4631f65d3c0b1654d81e86dc4238c859) Importer(815301076,1909f56bfc062723c751e8b465ee728b)  -> (artifact id: 'ac9ef87cc7a2ce0c97426f232c6c790d') in 0.006372 seconds 
  Import took 0.009163 seconds .

========================================================================
Received Import Request.
  Time since last request: 5.667384 seconds.
  path: Assets/SRP_Basics/Shaders/Lit.shader
  artifactKey: Guid(32a6f5b88d0cb934d94e04f397ba6f35) Importer(815301076,1909f56bfc062723c751e8b465ee728b)
Start importing Assets/SRP_Basics/Shaders/Lit.shader using Guid(32a6f5b88d0cb934d94e04f397ba6f35) Importer(815301076,1909f56bfc062723c751e8b465ee728b)  -> (artifact id: 'bd7a7c5441ddc2f8e9691cd196aa8ba0') in 0.007544 seconds 
  Import took 0.009942 seconds .

========================================================================
Received Import Request.
  Time since last request: 0.001121 seconds.
  path: Assets/SRP_Basics/Shaders/Lit.shader
  artifactKey: Guid(32a6f5b88d0cb934d94e04f397ba6f35) Importer(815301076,1909f56bfc062723c751e8b465ee728b)
Start importing Assets/SRP_Basics/Shaders/Lit.shader using Guid(32a6f5b88d0cb934d94e04f397ba6f35) Importer(815301076,1909f56bfc062723c751e8b465ee728b)  -> (artifact id: 'bd7a7c5441ddc2f8e9691cd196aa8ba0') in 0.001820 seconds 
  Import took 0.003691 seconds .

========================================================================
Received Import Request.
  Time since last request: 1398.101327 seconds.
  path: Assets/SRP_Basics/Shaders/Lit.shader
  artifactKey: Guid(32a6f5b88d0cb934d94e04f397ba6f35) Importer(815301076,1909f56bfc062723c751e8b465ee728b)
Start importing Assets/SRP_Basics/Shaders/Lit.shader using Guid(32a6f5b88d0cb934d94e04f397ba6f35) Importer(815301076,1909f56bfc062723c751e8b465ee728b)  -> (artifact id: 'd0568f2113395d0e7501da1088b1da4d') in 0.002985 seconds 
  Import took 0.006620 seconds .

========================================================================
Received Import Request.
  Time since last request: 36.915690 seconds.
  path: Assets/SRP_Basics/Shaders/Lit.shader
  artifactKey: Guid(32a6f5b88d0cb934d94e04f397ba6f35) Importer(815301076,1909f56bfc062723c751e8b465ee728b)
Start importing Assets/SRP_Basics/Shaders/Lit.shader using Guid(32a6f5b88d0cb934d94e04f397ba6f35) Importer(815301076,1909f56bfc062723c751e8b465ee728b)  -> (artifact id: 'f403bdf58cac97e5ae3bfb23fa236d18') in 0.011378 seconds 
  Import took 0.018767 seconds .

========================================================================
Received Import Request.
  Time since last request: 0.008702 seconds.
  path: Assets/SRP_Basics/Shaders/Lit.shader
  artifactKey: Guid(32a6f5b88d0cb934d94e04f397ba6f35) Importer(815301076,1909f56bfc062723c751e8b465ee728b)
Start importing Assets/SRP_Basics/Shaders/Lit.shader using Guid(32a6f5b88d0cb934d94e04f397ba6f35) Importer(815301076,1909f56bfc062723c751e8b465ee728b)  -> (artifact id: 'f403bdf58cac97e5ae3bfb23fa236d18') in 0.002014 seconds 
  Import took 0.004292 seconds .

========================================================================
Received Import Request.
  Time since last request: 270.889022 seconds.
  path: Assets/SRP_Basics/Shaders/Lit.shader
  artifactKey: Guid(32a6f5b88d0cb934d94e04f397ba6f35) Importer(815301076,1909f56bfc062723c751e8b465ee728b)
Start importing Assets/SRP_Basics/Shaders/Lit.shader using Guid(32a6f5b88d0cb934d94e04f397ba6f35) Importer(815301076,1909f56bfc062723c751e8b465ee728b)  -> (artifact id: '6cf6ba857c570da4ef62e1d562d39cd3') in 0.003935 seconds 
  Import took 0.007697 seconds .

========================================================================
Received Import Request.
  Time since last request: 5.534387 seconds.
  path: Assets/SRP_Basics/Shaders/Lit.shader
  artifactKey: Guid(32a6f5b88d0cb934d94e04f397ba6f35) Importer(815301076,1909f56bfc062723c751e8b465ee728b)
Start importing Assets/SRP_Basics/Shaders/Lit.shader using Guid(32a6f5b88d0cb934d94e04f397ba6f35) Importer(815301076,1909f56bfc062723c751e8b465ee728b)  -> (artifact id: '43152498b498c06d45b1668d2cd0bb9a') in 0.002489 seconds 
  Import took 0.005120 seconds .

========================================================================
Received Import Request.
  Time since last request: 16.566385 seconds.
  path: Assets/SRP_Basics/Shaders/Lit.shader
  artifactKey: Guid(32a6f5b88d0cb934d94e04f397ba6f35) Importer(815301076,1909f56bfc062723c751e8b465ee728b)
Start importing Assets/SRP_Basics/Shaders/Lit.shader using Guid(32a6f5b88d0cb934d94e04f397ba6f35) Importer(815301076,1909f56bfc062723c751e8b465ee728b)  -> (artifact id: '47ebbfd1471fd0b5b3ca4c3bea528126') in 0.005725 seconds 
  Import took 0.009153 seconds .

========================================================================
Received Import Request.
  Time since last request: 0.023530 seconds.
  path: Assets/SRP_Basics/Shaders/Lit.shader
  artifactKey: Guid(32a6f5b88d0cb934d94e04f397ba6f35) Importer(815301076,1909f56bfc062723c751e8b465ee728b)
Start importing Assets/SRP_Basics/Shaders/Lit.shader using Guid(32a6f5b88d0cb934d94e04f397ba6f35) Importer(815301076,1909f56bfc062723c751e8b465ee728b)  -> (artifact id: '47ebbfd1471fd0b5b3ca4c3bea528126') in 0.002066 seconds 
  Import took 0.004205 seconds .

========================================================================
Received Import Request.
  Time since last request: 18.382901 seconds.
  path: Assets/SRP_Basics/Shaders/Lit.shader
  artifactKey: Guid(32a6f5b88d0cb934d94e04f397ba6f35) Importer(815301076,1909f56bfc062723c751e8b465ee728b)
Start importing Assets/SRP_Basics/Shaders/Lit.shader using Guid(32a6f5b88d0cb934d94e04f397ba6f35) Importer(815301076,1909f56bfc062723c751e8b465ee728b)  -> (artifact id: '3b8930f01e66f2e5be78cfc4622a5532') in 0.009924 seconds 
  Import took 0.016301 seconds .

========================================================================
Received Import Request.
  Time since last request: 0.009414 seconds.
  path: Assets/SRP_Basics/Shaders/Lit.shader
  artifactKey: Guid(32a6f5b88d0cb934d94e04f397ba6f35) Importer(815301076,1909f56bfc062723c751e8b465ee728b)
Start importing Assets/SRP_Basics/Shaders/Lit.shader using Guid(32a6f5b88d0cb934d94e04f397ba6f35) Importer(815301076,1909f56bfc062723c751e8b465ee728b)  -> (artifact id: '3b8930f01e66f2e5be78cfc4622a5532') in 0.002007 seconds 
  Import took 0.004422 seconds .

========================================================================
Received Import Request.
  Time since last request: 56.323318 seconds.
  path: Assets/SRP_Basics/Shaders/Lit.shader
  artifactKey: Guid(32a6f5b88d0cb934d94e04f397ba6f35) Importer(815301076,1909f56bfc062723c751e8b465ee728b)
Start importing Assets/SRP_Basics/Shaders/Lit.shader using Guid(32a6f5b88d0cb934d94e04f397ba6f35) Importer(815301076,1909f56bfc062723c751e8b465ee728b)  -> (artifact id: '2dfceee5c27998f50a06e42713bf5e98') in 0.002230 seconds 
  Import took 0.004895 seconds .

AssetImportWorkerClient::OnTransportError - code=2 error=End of file
